{"numFailedTestSuites":0,"numFailedTests":0,"numPassedTestSuites":4,"numPassedTests":25,"numPendingTestSuites":0,"numPendingTests":0,"numRuntimeErrorTestSuites":0,"numTodoTests":0,"numTotalTestSuites":4,"numTotalTests":25,"openHandles":[],"snapshot":{"added":0,"didUpdate":false,"failure":false,"filesAdded":0,"filesRemoved":0,"filesRemovedList":[],"filesUnmatched":0,"filesUpdated":0,"matched":0,"total":0,"unchecked":0,"uncheckedKeysByFile":[],"unmatched":0,"updated":0},"startTime":1764515579600,"success":true,"testResults":[{"assertionResults":[{"ancestorTitles":["AuthController"],"duration":23,"failureDetails":[],"failureMessages":[],"fullName":"AuthController Deve registrar um novo usuário corretamente","invocations":1,"location":null,"numPassingAsserts":2,"retryReasons":[],"status":"passed","title":"Deve registrar um novo usuário corretamente"},{"ancestorTitles":["AuthController"],"duration":1,"failureDetails":[],"failureMessages":[],"fullName":"AuthController Deve retornar erro se o login for inválido","invocations":1,"location":null,"numPassingAsserts":2,"retryReasons":[],"status":"passed","title":"Deve retornar erro se o login for inválido"}],"endTime":1764515580555,"message":"","name":"C:\\Users\\maria\\OneDrive\\Área de Trabalho\\sistema-de-reserva-de-livros-priv\\backend\\tests\\authController.test.js","startTime":1764515579929,"status":"passed","summary":""},{"assertionResults":[{"ancestorTitles":["BookController"],"duration":10,"failureDetails":[],"failureMessages":[],"fullName":"BookController Deve listar todos os livros","invocations":1,"location":null,"numPassingAsserts":1,"retryReasons":[],"status":"passed","title":"Deve listar todos os livros"},{"ancestorTitles":["BookController"],"duration":1,"failureDetails":[],"failureMessages":[],"fullName":"BookController Deve adicionar livros via seed","invocations":1,"location":null,"numPassingAsserts":1,"retryReasons":[],"status":"passed","title":"Deve adicionar livros via seed"}],"endTime":1764515581132,"message":"","name":"C:\\Users\\maria\\OneDrive\\Área de Trabalho\\sistema-de-reserva-de-livros-priv\\backend\\tests\\bookController.test.js","startTime":1764515579949,"status":"passed","summary":""},{"assertionResults":[{"ancestorTitles":["UserController"],"duration":78,"failureDetails":[],"failureMessages":[],"fullName":"UserController getProfile deve chamar res.json (retorna perfil do usuário)","invocations":1,"location":null,"numPassingAsserts":1,"retryReasons":[],"status":"passed","title":"getProfile deve chamar res.json (retorna perfil do usuário)"},{"ancestorTitles":["UserController"],"duration":157,"failureDetails":[],"failureMessages":[],"fullName":"UserController createUser deve criar usuário e retornar 201; duplicata retorna 400","invocations":1,"location":null,"numPassingAsserts":3,"retryReasons":[],"status":"passed","title":"createUser deve criar usuário e retornar 201; duplicata retorna 400"}],"endTime":1764515581239,"message":"","name":"C:\\Users\\maria\\OneDrive\\Área de Trabalho\\sistema-de-reserva-de-livros-priv\\backend\\tests\\userController.test.js","startTime":1764515579937,"status":"passed","summary":""},{"assertionResults":[{"ancestorTitles":["ReservationController - Integração de Reservas","GET /api/reservations - Buscar reservas do usuário"],"duration":35,"failureDetails":[],"failureMessages":[],"fullName":"ReservationController - Integração de Reservas GET /api/reservations - Buscar reservas do usuário deve retornar lista de reservas ativas do usuário","invocations":1,"location":null,"numPassingAsserts":3,"retryReasons":[],"status":"passed","title":"deve retornar lista de reservas ativas do usuário"},{"ancestorTitles":["ReservationController - Integração de Reservas","GET /api/reservations - Buscar reservas do usuário"],"duration":40,"failureDetails":[],"failureMessages":[],"fullName":"ReservationController - Integração de Reservas GET /api/reservations - Buscar reservas do usuário deve retornar array vazio quando usuário não tem reservas","invocations":1,"location":null,"numPassingAsserts":2,"retryReasons":[],"status":"passed","title":"deve retornar array vazio quando usuário não tem reservas"},{"ancestorTitles":["ReservationController - Integração de Reservas","GET /api/reservations - Buscar reservas do usuário"],"duration":5,"failureDetails":[],"failureMessages":[],"fullName":"ReservationController - Integração de Reservas GET /api/reservations - Buscar reservas do usuário deve retornar erro em caso de falha no banco","invocations":1,"location":null,"numPassingAsserts":2,"retryReasons":[],"status":"passed","title":"deve retornar erro em caso de falha no banco"},{"ancestorTitles":["ReservationController - Integração de Reservas","GET /api/reservations - Buscar reservas do usuário"],"duration":4,"failureDetails":[],"failureMessages":[],"fullName":"ReservationController - Integração de Reservas GET /api/reservations - Buscar reservas do usuário deve buscar reservas do usuário logado","invocations":1,"location":null,"numPassingAsserts":1,"retryReasons":[],"status":"passed","title":"deve buscar reservas do usuário logado"},{"ancestorTitles":["ReservationController - Integração de Reservas","POST /api/reservations - Criar nova reserva"],"duration":16,"failureDetails":[],"failureMessages":[],"fullName":"ReservationController - Integração de Reservas POST /api/reservations - Criar nova reserva deve validar criação de reserva com livro disponível","invocations":1,"location":null,"numPassingAsserts":2,"retryReasons":[],"status":"passed","title":"deve validar criação de reserva com livro disponível"},{"ancestorTitles":["ReservationController - Integração de Reservas","POST /api/reservations - Criar nova reserva"],"duration":5,"failureDetails":[],"failureMessages":[],"fullName":"ReservationController - Integração de Reservas POST /api/reservations - Criar nova reserva deve retornar erro 404 se livro não existir","invocations":1,"location":null,"numPassingAsserts":2,"retryReasons":[],"status":"passed","title":"deve retornar erro 404 se livro não existir"},{"ancestorTitles":["ReservationController - Integração de Reservas","POST /api/reservations - Criar nova reserva"],"duration":5,"failureDetails":[],"failureMessages":[],"fullName":"ReservationController - Integração de Reservas POST /api/reservations - Criar nova reserva deve retornar erro 400 se livro não estiver disponível","invocations":1,"location":null,"numPassingAsserts":2,"retryReasons":[],"status":"passed","title":"deve retornar erro 400 se livro não estiver disponível"},{"ancestorTitles":["ReservationController - Integração de Reservas","POST /api/reservations - Criar nova reserva"],"duration":4,"failureDetails":[],"failureMessages":[],"fullName":"ReservationController - Integração de Reservas POST /api/reservations - Criar nova reserva deve verificar disponibilidade do livro antes de reservar","invocations":1,"location":null,"numPassingAsserts":1,"retryReasons":[],"status":"passed","title":"deve verificar disponibilidade do livro antes de reservar"},{"ancestorTitles":["ReservationController - Integração de Reservas","POST /api/reservations - Criar nova reserva"],"duration":4,"failureDetails":[],"failureMessages":[],"fullName":"ReservationController - Integração de Reservas POST /api/reservations - Criar nova reserva deve processar requisição de reserva com autenticação","invocations":1,"location":null,"numPassingAsserts":2,"retryReasons":[],"status":"passed","title":"deve processar requisição de reserva com autenticação"},{"ancestorTitles":["ReservationController - Integração de Reservas","DELETE /api/reservations/:id - Deletar reserva"],"duration":5,"failureDetails":[],"failureMessages":[],"fullName":"ReservationController - Integração de Reservas DELETE /api/reservations/:id - Deletar reserva deve deletar uma reserva com sucesso","invocations":1,"location":null,"numPassingAsserts":3,"retryReasons":[],"status":"passed","title":"deve deletar uma reserva com sucesso"},{"ancestorTitles":["ReservationController - Integração de Reservas","DELETE /api/reservations/:id - Deletar reserva"],"duration":3,"failureDetails":[],"failureMessages":[],"fullName":"ReservationController - Integração de Reservas DELETE /api/reservations/:id - Deletar reserva deve retornar erro 404 se reserva não existir","invocations":1,"location":null,"numPassingAsserts":2,"retryReasons":[],"status":"passed","title":"deve retornar erro 404 se reserva não existir"},{"ancestorTitles":["ReservationController - Integração de Reservas","DELETE /api/reservations/:id - Deletar reserva"],"duration":4,"failureDetails":[],"failureMessages":[],"fullName":"ReservationController - Integração de Reservas DELETE /api/reservations/:id - Deletar reserva deve garantir que usuário só delete suas próprias reservas","invocations":1,"location":null,"numPassingAsserts":1,"retryReasons":[],"status":"passed","title":"deve garantir que usuário só delete suas próprias reservas"},{"ancestorTitles":["ReservationController - Integração de Reservas","POST /api/reservations/finalize - Finalizar reservas"],"duration":3,"failureDetails":[],"failureMessages":[],"fullName":"ReservationController - Integração de Reservas POST /api/reservations/finalize - Finalizar reservas deve finalizar todas as reservas ativas do usuário","invocations":1,"location":null,"numPassingAsserts":3,"retryReasons":[],"status":"passed","title":"deve finalizar todas as reservas ativas do usuário"},{"ancestorTitles":["ReservationController - Integração de Reservas","POST /api/reservations/finalize - Finalizar reservas"],"duration":3,"failureDetails":[],"failureMessages":[],"fullName":"ReservationController - Integração de Reservas POST /api/reservations/finalize - Finalizar reservas deve retornar count 0 se não houver reservas ativas","invocations":1,"location":null,"numPassingAsserts":2,"retryReasons":[],"status":"passed","title":"deve retornar count 0 se não houver reservas ativas"},{"ancestorTitles":["ReservationController - Integração de Reservas","POST /api/reservations/finalize - Finalizar reservas"],"duration":4,"failureDetails":[],"failureMessages":[],"fullName":"ReservationController - Integração de Reservas POST /api/reservations/finalize - Finalizar reservas deve alterar status para completed","invocations":1,"location":null,"numPassingAsserts":1,"retryReasons":[],"status":"passed","title":"deve alterar status para completed"},{"ancestorTitles":["ReservationController - Integração de Reservas","Integração - Persistência de reservas"],"duration":6,"failureDetails":[],"failureMessages":[],"fullName":"ReservationController - Integração de Reservas Integração - Persistência de reservas deve manter reservas vinculadas ao usuário no banco de dados","invocations":1,"location":null,"numPassingAsserts":2,"retryReasons":[],"status":"passed","title":"deve manter reservas vinculadas ao usuário no banco de dados"},{"ancestorTitles":["ReservationController - Integração de Reservas","Integração - Persistência de reservas"],"duration":3,"failureDetails":[],"failureMessages":[],"fullName":"ReservationController - Integração de Reservas Integração - Persistência de reservas deve carregar reservas existentes do usuário","invocations":1,"location":null,"numPassingAsserts":2,"retryReasons":[],"status":"passed","title":"deve carregar reservas existentes do usuário"},{"ancestorTitles":["ReservationController - Integração de Reservas","Validação de autenticação e autorização"],"duration":3,"failureDetails":[],"failureMessages":[],"fullName":"ReservationController - Integração de Reservas Validação de autenticação e autorização deve usar userId do token de autenticação nas operações","invocations":1,"location":null,"numPassingAsserts":1,"retryReasons":[],"status":"passed","title":"deve usar userId do token de autenticação nas operações"},{"ancestorTitles":["ReservationController - Integração de Reservas","Validação de autenticação e autorização"],"duration":3,"failureDetails":[],"failureMessages":[],"fullName":"ReservationController - Integração de Reservas Validação de autenticação e autorização deve isolar reservas por usuário","invocations":1,"location":null,"numPassingAsserts":1,"retryReasons":[],"status":"passed","title":"deve isolar reservas por usuário"}],"endTime":1764515581679,"message":"","name":"C:\\Users\\maria\\OneDrive\\Área de Trabalho\\sistema-de-reserva-de-livros-priv\\backend\\tests\\reservationController.test.js","startTime":1764515579938,"status":"passed","summary":""}],"wasInterrupted":false}
